<?xml version="1.0" encoding="UTF-8"?>
<!-- Generated by org.testng.reporters.JUnitXMLReporter -->
<testsuite hostname="LAPTOP-AK5DO7TK" name="Surefire test" tests="10" failures="0" timestamp="12 Nov 2019 13:49:14 GMT" time="269.084" errors="0">
  <testcase name="testLogin" time="15.488" classname="test.testCases.HybridExecuteTest"/>
  <testcase name="testLogin" time="3.71" classname="test.testCases.HybridExecuteTest"/>
  <testcase name="testLogin" time="51.848" classname="test.testCases.HybridExecuteTest"/>
  <testcase name="testLogin" time="0.556" classname="test.testCases.HybridExecuteTest"/>
  <testcase name="testLogin" time="12.456" classname="test.testCases.HybridExecuteTest"/>
  <testcase name="testLogin" time="16.89" classname="test.testCases.HybridExecuteTest"/>
  <testcase name="testLogin" time="11.107" classname="test.testCases.HybridExecuteTest"/>
  <testcase name="testLogin" time="41.678" classname="test.testCases.HybridExecuteTest"/>
  <testcase name="testLogin" time="55.375" classname="test.testCases.HybridExecuteTest"/>
  <testcase name="testLogin" time="47.104" classname="test.testCases.HybridExecuteTest"/>
</testsuite> <!-- Surefire test -->
