<?xml version="1.0" encoding="UTF-8"?>
<testsuite xmlns:xsi="http://www.w3.org/2001/XMLSchema-instance" xsi:noNamespaceSchemaLocation="https://maven.apache.org/surefire/maven-surefire-plugin/xsd/surefire-test-report-3.0.xsd" version="3.0" name="test.testCases.HybridExecuteTest" time="273.096" tests="10" errors="0" skipped="0" failures="0">
  <properties>
[...]
</properties>
  <testcase name="testLogin" classname="test.testCases.HybridExecuteTest" time="15.504"/>
  <testcase name="testLogin" classname="test.testCases.HybridExecuteTest" time="3.712"/>
  <testcase name="testLogin" classname="test.testCases.HybridExecuteTest" time="51.837"/>
  <testcase name="testLogin" classname="test.testCases.HybridExecuteTest" time="0.554"/>
  <testcase name="testLogin" classname="test.testCases.HybridExecuteTest" time="12.477"/>
  <testcase name="testLogin" classname="test.testCases.HybridExecuteTest" time="16.914"/>
  <testcase name="testLogin" classname="test.testCases.HybridExecuteTest" time="11.068"/>
  <testcase name="testLogin" classname="test.testCases.HybridExecuteTest" time="41.681"/>
  <testcase name="testLogin" classname="test.testCases.HybridExecuteTest" time="55.37"/>
  <testcase name="testLogin" classname="test.testCases.HybridExecuteTest" time="47.106"/>
</testsuite>